<?xml version="1.0" encoding="UTF-8"?>
<testng-results ignored="0" total="2" passed="2" failed="0" skipped="0">
  <reporter-output>
  </reporter-output>
  <suite started-at="2022-03-18T12:51:21 GMT+08:00" name="Surefire suite" finished-at="2022-03-18T12:51:21 GMT+08:00" duration-ms="71">
    <groups>
    </groups>
    <test started-at="2022-03-18T12:51:21 GMT+08:00" name="Surefire test" finished-at="2022-03-18T12:51:21 GMT+08:00" duration-ms="71">
      <class name="launchChrome.Test1">
        <test-method signature="Test2()[pri:1, instance:launchChrome.Test1@3ec300f1]" started-at="2022-03-18T12:51:21 GMT+08:00" name="Test2" finished-at="2022-03-18T12:51:21 GMT+08:00" duration-ms="8" status="PASS">
          <reporter-output>
          </reporter-output>
        </test-method> <!-- Test2 -->
        <test-method signature="Test1()[pri:2, instance:launchChrome.Test1@3ec300f1]" started-at="2022-03-18T12:51:21 GMT+08:00" name="Test1" finished-at="2022-03-18T12:51:21 GMT+08:00" duration-ms="0" status="PASS">
          <reporter-output>
          </reporter-output>
        </test-method> <!-- Test1 -->
      </class> <!-- launchChrome.Test1 -->
    </test> <!-- Surefire test -->
  </suite> <!-- Surefire suite -->
</testng-results>
