<?xml version="1.0" encoding="UTF-8"?>
<testng-results ignored="0" total="2" passed="2" failed="0" skipped="0">
  <reporter-output>
  </reporter-output>
  <suite started-at="2022-03-18T12:49:26 GMT+08:00" name="Default suite" finished-at="2022-03-18T12:49:26 GMT+08:00" duration-ms="89">
    <groups>
    </groups>
    <test started-at="2022-03-18T12:49:26 GMT+08:00" name="Default test" finished-at="2022-03-18T12:49:26 GMT+08:00" duration-ms="89">
      <class name="launchChrome.Test1">
        <test-method signature="Test2()[pri:1, instance:launchChrome.Test1@6973b51b]" started-at="2022-03-18T12:49:26 GMT+08:00" name="Test2" finished-at="2022-03-18T12:49:26 GMT+08:00" duration-ms="14" status="PASS">
          <reporter-output>
          </reporter-output>
        </test-method> <!-- Test2 -->
        <test-method signature="Test1()[pri:2, instance:launchChrome.Test1@6973b51b]" started-at="2022-03-18T12:49:26 GMT+08:00" name="Test1" finished-at="2022-03-18T12:49:26 GMT+08:00" duration-ms="2" status="PASS">
          <reporter-output>
          </reporter-output>
        </test-method> <!-- Test1 -->
      </class> <!-- launchChrome.Test1 -->
    </test> <!-- Default test -->
  </suite> <!-- Default suite -->
</testng-results>
